<?xml version="1.0" encoding="UTF-8"?>
<!-- Generated by org.testng.reporters.JUnitReportReporter -->
<testsuite skipped="0" hostname="User" name="Test2" tests="3" failures="0" timestamp="23 Oct 2018 05:14:03 GMT" time="27.709" errors="0">
  <testcase name="ValidateUserTabel" time="1.738" classname="Test2"/>
  <testcase name="setAddUser" time="11.750" classname="Test2"/>
  <testcase name="BrowserOpen" time="14.221" classname="Test2"/>
</testsuite> <!-- Test2 -->
